<?xml version="1.0" encoding="UTF-8"?>
<testng-results ignored="0" total="3" passed="3" failed="0" skipped="0">
  <reporter-output>
  </reporter-output>
  <suite started-at="2023-12-20T01:20:27 IST" name="Default suite" finished-at="2023-12-20T01:21:28 IST" duration-ms="60932">
    <groups>
      <group name="cucumber">
        <method signature="AbstractTestNGCucumberTests.runScenario(io.cucumber.testng.PickleWrapper,io.cucumber.testng.FeatureWrapper)[pri:0, instance:Runner.Runner@15bb5034]" name="runScenario" class="io.cucumber.testng.AbstractTestNGCucumberTests"/>
      </group> <!-- cucumber -->
    </groups>
    <test started-at="2023-12-20T01:20:27 IST" name="Default test" finished-at="2023-12-20T01:21:28 IST" duration-ms="60932">
      <class name="Runner.Runner">
        <test-method is-config="true" signature="setUpClass(org.testng.ITestContext)[pri:0, instance:Runner.Runner@15bb5034]" started-at="2023-12-20T01:20:27 IST" name="setUpClass" finished-at="2023-12-20T01:20:28 IST" duration-ms="893" status="PASS">
          <params>
            <param index="0">
              <value>
                <![CDATA[org.testng.TestRunner@21c747a]]>
              </value>
            </param>
          </params>
          <reporter-output>
          </reporter-output>
        </test-method> <!-- setUpClass -->
        <test-method signature="runScenario(io.cucumber.testng.PickleWrapper,io.cucumber.testng.FeatureWrapper)[pri:0, instance:Runner.Runner@15bb5034]" started-at="2023-12-20T01:20:28 IST" name="runScenario" description="Runs Cucumber Scenarios" data-provider="scenarios" finished-at="2023-12-20T01:20:42 IST" duration-ms="13875" status="PASS">
          <params>
            <param index="0">
              <value>
                <![CDATA["User Create new Account"]]>
              </value>
            </param>
            <param index="1">
              <value>
                <![CDATA["Register New User"]]>
              </value>
            </param>
          </params>
          <reporter-output>
          </reporter-output>
        </test-method> <!-- runScenario -->
        <test-method signature="runScenario(io.cucumber.testng.PickleWrapper,io.cucumber.testng.FeatureWrapper)[pri:0, instance:Runner.Runner@15bb5034]" started-at="2023-12-20T01:20:42 IST" name="runScenario" description="Runs Cucumber Scenarios" data-provider="scenarios" finished-at="2023-12-20T01:21:00 IST" duration-ms="17908" status="PASS">
          <params>
            <param index="0">
              <value>
                <![CDATA["Search iphone and add to cart"]]>
              </value>
            </param>
            <param index="1">
              <value>
                <![CDATA["Search iphone"]]>
              </value>
            </param>
          </params>
          <reporter-output>
          </reporter-output>
        </test-method> <!-- runScenario -->
        <test-method signature="runScenario(io.cucumber.testng.PickleWrapper,io.cucumber.testng.FeatureWrapper)[pri:0, instance:Runner.Runner@15bb5034]" started-at="2023-12-20T01:21:00 IST" name="runScenario" description="Runs Cucumber Scenarios" data-provider="scenarios" finished-at="2023-12-20T01:21:25 IST" duration-ms="25481" status="PASS">
          <params>
            <param index="0">
              <value>
                <![CDATA["Search iphone and validate the list"]]>
              </value>
            </param>
            <param index="1">
              <value>
                <![CDATA["Search iphone"]]>
              </value>
            </param>
          </params>
          <reporter-output>
          </reporter-output>
        </test-method> <!-- runScenario -->
        <test-method is-config="true" signature="tearDownClass()[pri:0, instance:Runner.Runner@15bb5034]" started-at="2023-12-20T01:21:25 IST" name="tearDownClass" finished-at="2023-12-20T01:21:28 IST" duration-ms="2696" status="PASS">
          <reporter-output>
          </reporter-output>
        </test-method> <!-- tearDownClass -->
      </class> <!-- Runner.Runner -->
    </test> <!-- Default test -->
  </suite> <!-- Default suite -->
</testng-results>
